<?xml version="1.0" encoding="UTF-8"?>
<!-- Generated by org.testng.reporters.JUnitXMLReporter -->
<testsuite ignored="3" hostname="Balaji" failures="0" tests="1" name="Default test" time="4.308" errors="0" timestamp="2022-11-03T12:45:07 IST">
  <testcase classname="com.microfocus.test.AddPetTest" name="updateValidPetFromJson3Test" time="4.254"/>
  <testcase classname="com.microfocus.test.AddPetTest" name="addValidPetFromJson2Test" time="0.0">
    <ignored/>
  </testcase> <!-- addValidPetFromJson2Test -->
  <testcase classname="com.microfocus.test.AddPetTest" name="addValidPetFromJsonTest" time="0.0">
    <ignored/>
  </testcase> <!-- addValidPetFromJsonTest -->
  <testcase classname="com.microfocus.test.AddPetTest" name="addValidPetTest" time="0.0">
    <ignored/>
  </testcase> <!-- addValidPetTest -->
</testsuite> <!-- Default test -->
