<?xml version="1.0" encoding="UTF-8"?>
<testng-results ignored="3" total="4" passed="1" failed="0" skipped="0">
  <reporter-output>
  </reporter-output>
  <suite started-at="2022-11-03T12:45:02 IST" name="Default suite" finished-at="2022-11-03T12:45:07 IST" duration-ms="4308">
    <groups>
    </groups>
    <test started-at="2022-11-03T12:45:02 IST" name="Default test" finished-at="2022-11-03T12:45:07 IST" duration-ms="4308">
      <class name="com.microfocus.test.AddPetTest">
        <test-method signature="updateValidPetFromJson3Test()[pri:0, instance:com.microfocus.test.AddPetTest@2dde1bff]" started-at="2022-11-03T12:45:02 IST" name="updateValidPetFromJson3Test" finished-at="2022-11-03T12:45:07 IST" duration-ms="4254" status="PASS">
          <reporter-output>
          </reporter-output>
        </test-method> <!-- updateValidPetFromJson3Test -->
      </class> <!-- com.microfocus.test.AddPetTest -->
    </test> <!-- Default test -->
  </suite> <!-- Default suite -->
</testng-results>
